import requests
from bs4 import BeautifulSoup


def scrape_website(url):
    try:
        response = requests.get(url)
        response.raise_for_status()

        soup = BeautifulSoup(response.text, "html.parser")

        # Extract title
        title = soup.title.string if soup.title else "No Title"

        # Extract text from paragraphs
        paragraphs = soup.find_all("p")

        content = ""

        for p in paragraphs:
            content += p.get_text() + "\n"

        return {
            "title": title,
            "content": content[:5000]   
        }

    except Exception as e:
        return {
            "error": str(e)
        }
